<?xml version="1.0" encoding="UTF-8"?>
<testsuite xmlns:xsi="http://www.w3.org/2001/XMLSchema-instance" xsi:noNamespaceSchemaLocation="https://maven.apache.org/surefire/maven-surefire-plugin/xsd/surefire-test-report.xsd" version="3.0.2" name="com.baskettecase.ordersmcp.mcp.CustomerOrderToolTest" time="0.842" tests="3" errors="0" skipped="0" failures="0">
  <properties>
    <property name="java.specification.version" value="23"/>
    <property name="sun.jnu.encoding" value="UTF-8"/>
    <property name="java.class.path" value="/Users/dbbaskette/Projects/ordersMCP/target/test-classes:/Users/dbbaskette/Projects/ordersMCP/target/classes:/Users/dbbaskette/.m2/repository/org/springframework/boot/spring-boot-starter-webflux/3.4.5/spring-boot-starter-webflux-3.4.5.jar:/Users/dbbaskette/.m2/repository/org/springframework/boot/spring-boot-starter/3.4.5/spring-boot-starter-3.4.5.jar:/Users/dbbaskette/.m2/repository/org/springframework/boot/spring-boot-starter-logging/3.4.5/spring-boot-starter-logging-3.4.5.jar:/Users/dbbaskette/.m2/repository/ch/qos/logback/logback-classic/1.5.18/logback-classic-1.5.18.jar:/Users/dbbaskette/.m2/repository/ch/qos/logback/logback-core/1.5.18/logback-core-1.5.18.jar:/Users/dbbaskette/.m2/repository/org/apache/logging/log4j/log4j-to-slf4j/2.24.3/log4j-to-slf4j-2.24.3.jar:/Users/dbbaskette/.m2/repository/org/apache/logging/log4j/log4j-api/2.24.3/log4j-api-2.24.3.jar:/Users/dbbaskette/.m2/repository/org/slf4j/jul-to-slf4j/2.0.17/jul-to-slf4j-2.0.17.jar:/Users/dbbaskette/.m2/repository/jakarta/annotation/jakarta.annotation-api/2.1.1/jakarta.annotation-api-2.1.1.jar:/Users/dbbaskette/.m2/repository/org/yaml/snakeyaml/2.3/snakeyaml-2.3.jar:/Users/dbbaskette/.m2/repository/org/springframework/boot/spring-boot-starter-json/3.4.5/spring-boot-starter-json-3.4.5.jar:/Users/dbbaskette/.m2/repository/com/fasterxml/jackson/core/jackson-databind/2.18.3/jackson-databind-2.18.3.jar:/Users/dbbaskette/.m2/repository/com/fasterxml/jackson/core/jackson-annotations/2.18.3/jackson-annotations-2.18.3.jar:/Users/dbbaskette/.m2/repository/com/fasterxml/jackson/core/jackson-core/2.18.3/jackson-core-2.18.3.jar:/Users/dbbaskette/.m2/repository/com/fasterxml/jackson/datatype/jackson-datatype-jdk8/2.18.3/jackson-datatype-jdk8-2.18.3.jar:/Users/dbbaskette/.m2/repository/com/fasterxml/jackson/datatype/jackson-datatype-jsr310/2.18.3/jackson-datatype-jsr310-2.18.3.jar:/Users/dbbaskette/.m2/repository/com/fasterxml/jackson/module/jackson-module-parameter-names/2.18.3/jackson-module-parameter-names-2.18.3.jar:/Users/dbbaskette/.m2/repository/org/springframework/boot/spring-boot-starter-reactor-netty/3.4.5/spring-boot-starter-reactor-netty-3.4.5.jar:/Users/dbbaskette/.m2/repository/io/projectreactor/netty/reactor-netty-http/1.2.5/reactor-netty-http-1.2.5.jar:/Users/dbbaskette/.m2/repository/io/netty/netty-codec-http/4.1.119.Final/netty-codec-http-4.1.119.Final.jar:/Users/dbbaskette/.m2/repository/io/netty/netty-common/4.1.119.Final/netty-common-4.1.119.Final.jar:/Users/dbbaskette/.m2/repository/io/netty/netty-buffer/4.1.119.Final/netty-buffer-4.1.119.Final.jar:/Users/dbbaskette/.m2/repository/io/netty/netty-transport/4.1.119.Final/netty-transport-4.1.119.Final.jar:/Users/dbbaskette/.m2/repository/io/netty/netty-codec/4.1.119.Final/netty-codec-4.1.119.Final.jar:/Users/dbbaskette/.m2/repository/io/netty/netty-handler/4.1.119.Final/netty-handler-4.1.119.Final.jar:/Users/dbbaskette/.m2/repository/io/netty/netty-codec-http2/4.1.119.Final/netty-codec-http2-4.1.119.Final.jar:/Users/dbbaskette/.m2/repository/io/netty/netty-resolver-dns/4.1.119.Final/netty-resolver-dns-4.1.119.Final.jar:/Users/dbbaskette/.m2/repository/io/netty/netty-resolver/4.1.119.Final/netty-resolver-4.1.119.Final.jar:/Users/dbbaskette/.m2/repository/io/netty/netty-codec-dns/4.1.119.Final/netty-codec-dns-4.1.119.Final.jar:/Users/dbbaskette/.m2/repository/io/netty/netty-resolver-dns-native-macos/4.1.119.Final/netty-resolver-dns-native-macos-4.1.119.Final-osx-x86_64.jar:/Users/dbbaskette/.m2/repository/io/netty/netty-resolver-dns-classes-macos/4.1.119.Final/netty-resolver-dns-classes-macos-4.1.119.Final.jar:/Users/dbbaskette/.m2/repository/io/netty/netty-transport-native-epoll/4.1.119.Final/netty-transport-native-epoll-4.1.119.Final-linux-x86_64.jar:/Users/dbbaskette/.m2/repository/io/netty/netty-transport-native-unix-common/4.1.119.Final/netty-transport-native-unix-common-4.1.119.Final.jar:/Users/dbbaskette/.m2/repository/io/netty/netty-transport-classes-epoll/4.1.119.Final/netty-transport-classes-epoll-4.1.119.Final.jar:/Users/dbbaskette/.m2/repository/io/projectreactor/netty/reactor-netty-core/1.2.5/reactor-netty-core-1.2.5.jar:/Users/dbbaskette/.m2/repository/io/netty/netty-handler-proxy/4.1.119.Final/netty-handler-proxy-4.1.119.Final.jar:/Users/dbbaskette/.m2/repository/io/netty/netty-codec-socks/4.1.119.Final/netty-codec-socks-4.1.119.Final.jar:/Users/dbbaskette/.m2/repository/org/springframework/spring-web/6.2.6/spring-web-6.2.6.jar:/Users/dbbaskette/.m2/repository/org/springframework/spring-beans/6.2.6/spring-beans-6.2.6.jar:/Users/dbbaskette/.m2/repository/org/springframework/spring-webflux/6.2.6/spring-webflux-6.2.6.jar:/Users/dbbaskette/.m2/repository/io/projectreactor/reactor-core/3.7.5/reactor-core-3.7.5.jar:/Users/dbbaskette/.m2/repository/org/reactivestreams/reactive-streams/1.0.4/reactive-streams-1.0.4.jar:/Users/dbbaskette/.m2/repository/org/springframework/ai/spring-ai-starter-mcp-server-webflux/1.0.0/spring-ai-starter-mcp-server-webflux-1.0.0.jar:/Users/dbbaskette/.m2/repository/org/springframework/ai/spring-ai-autoconfigure-mcp-server/1.0.0/spring-ai-autoconfigure-mcp-server-1.0.0.jar:/Users/dbbaskette/.m2/repository/org/springframework/ai/spring-ai-mcp/1.0.0/spring-ai-mcp-1.0.0.jar:/Users/dbbaskette/.m2/repository/io/modelcontextprotocol/sdk/mcp/0.10.0/mcp-0.10.0.jar:/Users/dbbaskette/.m2/repository/org/springframework/ai/spring-ai-model/1.0.0/spring-ai-model-1.0.0.jar:/Users/dbbaskette/.m2/repository/org/springframework/ai/spring-ai-commons/1.0.0/spring-ai-commons-1.0.0.jar:/Users/dbbaskette/.m2/repository/io/micrometer/context-propagation/1.1.3/context-propagation-1.1.3.jar:/Users/dbbaskette/.m2/repository/com/fasterxml/jackson/module/jackson-module-jsonSchema/2.18.3/jackson-module-jsonSchema-2.18.3.jar:/Users/dbbaskette/.m2/repository/javax/validation/validation-api/1.1.0.Final/validation-api-1.1.0.Final.jar:/Users/dbbaskette/.m2/repository/com/knuddels/jtokkit/1.1.0/jtokkit-1.1.0.jar:/Users/dbbaskette/.m2/repository/org/springframework/ai/spring-ai-template-st/1.0.0/spring-ai-template-st-1.0.0.jar:/Users/dbbaskette/.m2/repository/org/antlr/ST4/4.3.4/ST4-4.3.4.jar:/Users/dbbaskette/.m2/repository/org/antlr/antlr-runtime/3.5.3/antlr-runtime-3.5.3.jar:/Users/dbbaskette/.m2/repository/org/springframework/spring-messaging/6.2.6/spring-messaging-6.2.6.jar:/Users/dbbaskette/.m2/repository/com/github/victools/jsonschema-generator/4.37.0/jsonschema-generator-4.37.0.jar:/Users/dbbaskette/.m2/repository/com/github/victools/jsonschema-module-jackson/4.37.0/jsonschema-module-jackson-4.37.0.jar:/Users/dbbaskette/.m2/repository/com/github/victools/jsonschema-module-swagger-2/4.37.0/jsonschema-module-swagger-2-4.37.0.jar:/Users/dbbaskette/.m2/repository/io/swagger/core/v3/swagger-annotations/2.2.25/swagger-annotations-2.2.25.jar:/Users/dbbaskette/.m2/repository/io/modelcontextprotocol/sdk/mcp-spring-webflux/0.10.0/mcp-spring-webflux-0.10.0.jar:/Users/dbbaskette/.m2/repository/org/springframework/boot/spring-boot-starter-data-jpa/3.4.5/spring-boot-starter-data-jpa-3.4.5.jar:/Users/dbbaskette/.m2/repository/org/springframework/boot/spring-boot-starter-jdbc/3.4.5/spring-boot-starter-jdbc-3.4.5.jar:/Users/dbbaskette/.m2/repository/com/zaxxer/HikariCP/5.1.0/HikariCP-5.1.0.jar:/Users/dbbaskette/.m2/repository/org/springframework/spring-jdbc/6.2.6/spring-jdbc-6.2.6.jar:/Users/dbbaskette/.m2/repository/org/hibernate/orm/hibernate-core/6.6.13.Final/hibernate-core-6.6.13.Final.jar:/Users/dbbaskette/.m2/repository/jakarta/persistence/jakarta.persistence-api/3.1.0/jakarta.persistence-api-3.1.0.jar:/Users/dbbaskette/.m2/repository/jakarta/transaction/jakarta.transaction-api/2.0.1/jakarta.transaction-api-2.0.1.jar:/Users/dbbaskette/.m2/repository/org/jboss/logging/jboss-logging/3.6.1.Final/jboss-logging-3.6.1.Final.jar:/Users/dbbaskette/.m2/repository/org/hibernate/common/hibernate-commons-annotations/7.0.3.Final/hibernate-commons-annotations-7.0.3.Final.jar:/Users/dbbaskette/.m2/repository/io/smallrye/jandex/3.2.0/jandex-3.2.0.jar:/Users/dbbaskette/.m2/repository/com/fasterxml/classmate/1.7.0/classmate-1.7.0.jar:/Users/dbbaskette/.m2/repository/net/bytebuddy/byte-buddy/1.15.11/byte-buddy-1.15.11.jar:/Users/dbbaskette/.m2/repository/org/glassfish/jaxb/jaxb-runtime/4.0.5/jaxb-runtime-4.0.5.jar:/Users/dbbaskette/.m2/repository/org/glassfish/jaxb/jaxb-core/4.0.5/jaxb-core-4.0.5.jar:/Users/dbbaskette/.m2/repository/org/eclipse/angus/angus-activation/2.0.2/angus-activation-2.0.2.jar:/Users/dbbaskette/.m2/repository/org/glassfish/jaxb/txw2/4.0.5/txw2-4.0.5.jar:/Users/dbbaskette/.m2/repository/com/sun/istack/istack-commons-runtime/4.1.2/istack-commons-runtime-4.1.2.jar:/Users/dbbaskette/.m2/repository/jakarta/inject/jakarta.inject-api/2.0.1/jakarta.inject-api-2.0.1.jar:/Users/dbbaskette/.m2/repository/org/antlr/antlr4-runtime/4.13.0/antlr4-runtime-4.13.0.jar:/Users/dbbaskette/.m2/repository/org/springframework/data/spring-data-jpa/3.4.5/spring-data-jpa-3.4.5.jar:/Users/dbbaskette/.m2/repository/org/springframework/data/spring-data-commons/3.4.5/spring-data-commons-3.4.5.jar:/Users/dbbaskette/.m2/repository/org/springframework/spring-orm/6.2.6/spring-orm-6.2.6.jar:/Users/dbbaskette/.m2/repository/org/springframework/spring-context/6.2.6/spring-context-6.2.6.jar:/Users/dbbaskette/.m2/repository/org/springframework/spring-expression/6.2.6/spring-expression-6.2.6.jar:/Users/dbbaskette/.m2/repository/org/springframework/spring-aop/6.2.6/spring-aop-6.2.6.jar:/Users/dbbaskette/.m2/repository/org/springframework/spring-tx/6.2.6/spring-tx-6.2.6.jar:/Users/dbbaskette/.m2/repository/org/slf4j/slf4j-api/2.0.17/slf4j-api-2.0.17.jar:/Users/dbbaskette/.m2/repository/org/springframework/spring-aspects/6.2.6/spring-aspects-6.2.6.jar:/Users/dbbaskette/.m2/repository/org/aspectj/aspectjweaver/1.9.24/aspectjweaver-1.9.24.jar:/Users/dbbaskette/.m2/repository/org/springframework/boot/spring-boot-starter-validation/3.4.5/spring-boot-starter-validation-3.4.5.jar:/Users/dbbaskette/.m2/repository/org/apache/tomcat/embed/tomcat-embed-el/10.1.40/tomcat-embed-el-10.1.40.jar:/Users/dbbaskette/.m2/repository/org/hibernate/validator/hibernate-validator/8.0.2.Final/hibernate-validator-8.0.2.Final.jar:/Users/dbbaskette/.m2/repository/jakarta/validation/jakarta.validation-api/3.0.2/jakarta.validation-api-3.0.2.jar:/Users/dbbaskette/.m2/repository/org/springframework/boot/spring-boot-starter-actuator/3.4.5/spring-boot-starter-actuator-3.4.5.jar:/Users/dbbaskette/.m2/repository/org/springframework/boot/spring-boot-actuator-autoconfigure/3.4.5/spring-boot-actuator-autoconfigure-3.4.5.jar:/Users/dbbaskette/.m2/repository/org/springframework/boot/spring-boot-actuator/3.4.5/spring-boot-actuator-3.4.5.jar:/Users/dbbaskette/.m2/repository/io/micrometer/micrometer-observation/1.14.6/micrometer-observation-1.14.6.jar:/Users/dbbaskette/.m2/repository/io/micrometer/micrometer-commons/1.14.6/micrometer-commons-1.14.6.jar:/Users/dbbaskette/.m2/repository/io/micrometer/micrometer-jakarta9/1.14.6/micrometer-jakarta9-1.14.6.jar:/Users/dbbaskette/.m2/repository/io/micrometer/micrometer-core/1.14.6/micrometer-core-1.14.6.jar:/Users/dbbaskette/.m2/repository/org/hdrhistogram/HdrHistogram/2.2.2/HdrHistogram-2.2.2.jar:/Users/dbbaskette/.m2/repository/org/latencyutils/LatencyUtils/2.0.3/LatencyUtils-2.0.3.jar:/Users/dbbaskette/.m2/repository/com/h2database/h2/2.3.232/h2-2.3.232.jar:/Users/dbbaskette/.m2/repository/org/postgresql/postgresql/42.7.5/postgresql-42.7.5.jar:/Users/dbbaskette/.m2/repository/org/checkerframework/checker-qual/3.48.3/checker-qual-3.48.3.jar:/Users/dbbaskette/.m2/repository/org/springframework/boot/spring-boot-starter-test/3.4.5/spring-boot-starter-test-3.4.5.jar:/Users/dbbaskette/.m2/repository/org/springframework/boot/spring-boot-test/3.4.5/spring-boot-test-3.4.5.jar:/Users/dbbaskette/.m2/repository/org/springframework/boot/spring-boot-test-autoconfigure/3.4.5/spring-boot-test-autoconfigure-3.4.5.jar:/Users/dbbaskette/.m2/repository/com/jayway/jsonpath/json-path/2.9.0/json-path-2.9.0.jar:/Users/dbbaskette/.m2/repository/jakarta/xml/bind/jakarta.xml.bind-api/4.0.2/jakarta.xml.bind-api-4.0.2.jar:/Users/dbbaskette/.m2/repository/jakarta/activation/jakarta.activation-api/2.1.3/jakarta.activation-api-2.1.3.jar:/Users/dbbaskette/.m2/repository/net/minidev/json-smart/2.5.2/json-smart-2.5.2.jar:/Users/dbbaskette/.m2/repository/net/minidev/accessors-smart/2.5.2/accessors-smart-2.5.2.jar:/Users/dbbaskette/.m2/repository/org/ow2/asm/asm/9.7.1/asm-9.7.1.jar:/Users/dbbaskette/.m2/repository/org/assertj/assertj-core/3.26.3/assertj-core-3.26.3.jar:/Users/dbbaskette/.m2/repository/org/awaitility/awaitility/4.2.2/awaitility-4.2.2.jar:/Users/dbbaskette/.m2/repository/org/hamcrest/hamcrest/2.2/hamcrest-2.2.jar:/Users/dbbaskette/.m2/repository/org/junit/jupiter/junit-jupiter/5.11.4/junit-jupiter-5.11.4.jar:/Users/dbbaskette/.m2/repository/org/junit/jupiter/junit-jupiter-api/5.11.4/junit-jupiter-api-5.11.4.jar:/Users/dbbaskette/.m2/repository/org/opentest4j/opentest4j/1.3.0/opentest4j-1.3.0.jar:/Users/dbbaskette/.m2/repository/org/junit/platform/junit-platform-commons/1.11.4/junit-platform-commons-1.11.4.jar:/Users/dbbaskette/.m2/repository/org/apiguardian/apiguardian-api/1.1.2/apiguardian-api-1.1.2.jar:/Users/dbbaskette/.m2/repository/org/junit/jupiter/junit-jupiter-params/5.11.4/junit-jupiter-params-5.11.4.jar:/Users/dbbaskette/.m2/repository/org/junit/jupiter/junit-jupiter-engine/5.11.4/junit-jupiter-engine-5.11.4.jar:/Users/dbbaskette/.m2/repository/org/junit/platform/junit-platform-engine/1.11.4/junit-platform-engine-1.11.4.jar:/Users/dbbaskette/.m2/repository/org/mockito/mockito-core/5.14.2/mockito-core-5.14.2.jar:/Users/dbbaskette/.m2/repository/net/bytebuddy/byte-buddy-agent/1.15.11/byte-buddy-agent-1.15.11.jar:/Users/dbbaskette/.m2/repository/org/objenesis/objenesis/3.3/objenesis-3.3.jar:/Users/dbbaskette/.m2/repository/org/mockito/mockito-junit-jupiter/5.14.2/mockito-junit-jupiter-5.14.2.jar:/Users/dbbaskette/.m2/repository/org/skyscreamer/jsonassert/1.5.3/jsonassert-1.5.3.jar:/Users/dbbaskette/.m2/repository/com/vaadin/external/google/android-json/0.0.20131108.vaadin1/android-json-0.0.20131108.vaadin1.jar:/Users/dbbaskette/.m2/repository/org/springframework/spring-core/6.2.6/spring-core-6.2.6.jar:/Users/dbbaskette/.m2/repository/org/springframework/spring-jcl/6.2.6/spring-jcl-6.2.6.jar:/Users/dbbaskette/.m2/repository/org/springframework/spring-test/6.2.6/spring-test-6.2.6.jar:/Users/dbbaskette/.m2/repository/org/xmlunit/xmlunit-core/2.10.0/xmlunit-core-2.10.0.jar:/Users/dbbaskette/.m2/repository/org/testcontainers/postgresql/1.20.6/postgresql-1.20.6.jar:/Users/dbbaskette/.m2/repository/org/testcontainers/jdbc/1.20.6/jdbc-1.20.6.jar:/Users/dbbaskette/.m2/repository/org/testcontainers/database-commons/1.20.6/database-commons-1.20.6.jar:/Users/dbbaskette/.m2/repository/org/testcontainers/junit-jupiter/1.20.6/junit-jupiter-1.20.6.jar:/Users/dbbaskette/.m2/repository/org/testcontainers/testcontainers/1.20.6/testcontainers-1.20.6.jar:/Users/dbbaskette/.m2/repository/junit/junit/4.13.2/junit-4.13.2.jar:/Users/dbbaskette/.m2/repository/org/hamcrest/hamcrest-core/2.2/hamcrest-core-2.2.jar:/Users/dbbaskette/.m2/repository/org/apache/commons/commons-compress/1.24.0/commons-compress-1.24.0.jar:/Users/dbbaskette/.m2/repository/org/rnorth/duct-tape/duct-tape/1.0.8/duct-tape-1.0.8.jar:/Users/dbbaskette/.m2/repository/org/jetbrains/annotations/17.0.0/annotations-17.0.0.jar:/Users/dbbaskette/.m2/repository/com/github/docker-java/docker-java-api/3.4.1/docker-java-api-3.4.1.jar:/Users/dbbaskette/.m2/repository/com/github/docker-java/docker-java-transport-zerodep/3.4.1/docker-java-transport-zerodep-3.4.1.jar:/Users/dbbaskette/.m2/repository/com/github/docker-java/docker-java-transport/3.4.1/docker-java-transport-3.4.1.jar:/Users/dbbaskette/.m2/repository/net/java/dev/jna/jna/5.13.0/jna-5.13.0.jar:/Users/dbbaskette/.m2/repository/org/springframework/boot/spring-boot-devtools/3.4.5/spring-boot-devtools-3.4.5.jar:/Users/dbbaskette/.m2/repository/org/springframework/boot/spring-boot/3.4.5/spring-boot-3.4.5.jar:/Users/dbbaskette/.m2/repository/org/springframework/boot/spring-boot-autoconfigure/3.4.5/spring-boot-autoconfigure-3.4.5.jar:"/>
    <property name="java.vm.vendor" value="Homebrew"/>
    <property name="sun.arch.data.model" value="64"/>
    <property name="java.vendor.url" value="https://github.com/Homebrew/homebrew-core/issues"/>
    <property name="user.timezone" value="America/New_York"/>
    <property name="os.name" value="Mac OS X"/>
    <property name="java.vm.specification.version" value="23"/>
    <property name="sun.java.launcher" value="SUN_STANDARD"/>
    <property name="user.country" value="US"/>
    <property name="sun.boot.library.path" value="/opt/homebrew/Cellar/openjdk/23.0.2/libexec/openjdk.jdk/Contents/Home/lib"/>
    <property name="sun.java.command" value="/Users/dbbaskette/Projects/ordersMCP/target/surefire/surefirebooter-20250710211129021_3.jar /Users/dbbaskette/Projects/ordersMCP/target/surefire 2025-07-10T21-11-28_925-jvmRun1 surefire-20250710211129021_1tmp surefire_0-20250710211129021_2tmp"/>
    <property name="http.nonProxyHosts" value="local|*.local|169.254/16|*.169.254/16"/>
    <property name="jdk.debug" value="release"/>
    <property name="surefire.test.class.path" value="/Users/dbbaskette/Projects/ordersMCP/target/test-classes:/Users/dbbaskette/Projects/ordersMCP/target/classes:/Users/dbbaskette/.m2/repository/org/springframework/boot/spring-boot-starter-webflux/3.4.5/spring-boot-starter-webflux-3.4.5.jar:/Users/dbbaskette/.m2/repository/org/springframework/boot/spring-boot-starter/3.4.5/spring-boot-starter-3.4.5.jar:/Users/dbbaskette/.m2/repository/org/springframework/boot/spring-boot-starter-logging/3.4.5/spring-boot-starter-logging-3.4.5.jar:/Users/dbbaskette/.m2/repository/ch/qos/logback/logback-classic/1.5.18/logback-classic-1.5.18.jar:/Users/dbbaskette/.m2/repository/ch/qos/logback/logback-core/1.5.18/logback-core-1.5.18.jar:/Users/dbbaskette/.m2/repository/org/apache/logging/log4j/log4j-to-slf4j/2.24.3/log4j-to-slf4j-2.24.3.jar:/Users/dbbaskette/.m2/repository/org/apache/logging/log4j/log4j-api/2.24.3/log4j-api-2.24.3.jar:/Users/dbbaskette/.m2/repository/org/slf4j/jul-to-slf4j/2.0.17/jul-to-slf4j-2.0.17.jar:/Users/dbbaskette/.m2/repository/jakarta/annotation/jakarta.annotation-api/2.1.1/jakarta.annotation-api-2.1.1.jar:/Users/dbbaskette/.m2/repository/org/yaml/snakeyaml/2.3/snakeyaml-2.3.jar:/Users/dbbaskette/.m2/repository/org/springframework/boot/spring-boot-starter-json/3.4.5/spring-boot-starter-json-3.4.5.jar:/Users/dbbaskette/.m2/repository/com/fasterxml/jackson/core/jackson-databind/2.18.3/jackson-databind-2.18.3.jar:/Users/dbbaskette/.m2/repository/com/fasterxml/jackson/core/jackson-annotations/2.18.3/jackson-annotations-2.18.3.jar:/Users/dbbaskette/.m2/repository/com/fasterxml/jackson/core/jackson-core/2.18.3/jackson-core-2.18.3.jar:/Users/dbbaskette/.m2/repository/com/fasterxml/jackson/datatype/jackson-datatype-jdk8/2.18.3/jackson-datatype-jdk8-2.18.3.jar:/Users/dbbaskette/.m2/repository/com/fasterxml/jackson/datatype/jackson-datatype-jsr310/2.18.3/jackson-datatype-jsr310-2.18.3.jar:/Users/dbbaskette/.m2/repository/com/fasterxml/jackson/module/jackson-module-parameter-names/2.18.3/jackson-module-parameter-names-2.18.3.jar:/Users/dbbaskette/.m2/repository/org/springframework/boot/spring-boot-starter-reactor-netty/3.4.5/spring-boot-starter-reactor-netty-3.4.5.jar:/Users/dbbaskette/.m2/repository/io/projectreactor/netty/reactor-netty-http/1.2.5/reactor-netty-http-1.2.5.jar:/Users/dbbaskette/.m2/repository/io/netty/netty-codec-http/4.1.119.Final/netty-codec-http-4.1.119.Final.jar:/Users/dbbaskette/.m2/repository/io/netty/netty-common/4.1.119.Final/netty-common-4.1.119.Final.jar:/Users/dbbaskette/.m2/repository/io/netty/netty-buffer/4.1.119.Final/netty-buffer-4.1.119.Final.jar:/Users/dbbaskette/.m2/repository/io/netty/netty-transport/4.1.119.Final/netty-transport-4.1.119.Final.jar:/Users/dbbaskette/.m2/repository/io/netty/netty-codec/4.1.119.Final/netty-codec-4.1.119.Final.jar:/Users/dbbaskette/.m2/repository/io/netty/netty-handler/4.1.119.Final/netty-handler-4.1.119.Final.jar:/Users/dbbaskette/.m2/repository/io/netty/netty-codec-http2/4.1.119.Final/netty-codec-http2-4.1.119.Final.jar:/Users/dbbaskette/.m2/repository/io/netty/netty-resolver-dns/4.1.119.Final/netty-resolver-dns-4.1.119.Final.jar:/Users/dbbaskette/.m2/repository/io/netty/netty-resolver/4.1.119.Final/netty-resolver-4.1.119.Final.jar:/Users/dbbaskette/.m2/repository/io/netty/netty-codec-dns/4.1.119.Final/netty-codec-dns-4.1.119.Final.jar:/Users/dbbaskette/.m2/repository/io/netty/netty-resolver-dns-native-macos/4.1.119.Final/netty-resolver-dns-native-macos-4.1.119.Final-osx-x86_64.jar:/Users/dbbaskette/.m2/repository/io/netty/netty-resolver-dns-classes-macos/4.1.119.Final/netty-resolver-dns-classes-macos-4.1.119.Final.jar:/Users/dbbaskette/.m2/repository/io/netty/netty-transport-native-epoll/4.1.119.Final/netty-transport-native-epoll-4.1.119.Final-linux-x86_64.jar:/Users/dbbaskette/.m2/repository/io/netty/netty-transport-native-unix-common/4.1.119.Final/netty-transport-native-unix-common-4.1.119.Final.jar:/Users/dbbaskette/.m2/repository/io/netty/netty-transport-classes-epoll/4.1.119.Final/netty-transport-classes-epoll-4.1.119.Final.jar:/Users/dbbaskette/.m2/repository/io/projectreactor/netty/reactor-netty-core/1.2.5/reactor-netty-core-1.2.5.jar:/Users/dbbaskette/.m2/repository/io/netty/netty-handler-proxy/4.1.119.Final/netty-handler-proxy-4.1.119.Final.jar:/Users/dbbaskette/.m2/repository/io/netty/netty-codec-socks/4.1.119.Final/netty-codec-socks-4.1.119.Final.jar:/Users/dbbaskette/.m2/repository/org/springframework/spring-web/6.2.6/spring-web-6.2.6.jar:/Users/dbbaskette/.m2/repository/org/springframework/spring-beans/6.2.6/spring-beans-6.2.6.jar:/Users/dbbaskette/.m2/repository/org/springframework/spring-webflux/6.2.6/spring-webflux-6.2.6.jar:/Users/dbbaskette/.m2/repository/io/projectreactor/reactor-core/3.7.5/reactor-core-3.7.5.jar:/Users/dbbaskette/.m2/repository/org/reactivestreams/reactive-streams/1.0.4/reactive-streams-1.0.4.jar:/Users/dbbaskette/.m2/repository/org/springframework/ai/spring-ai-starter-mcp-server-webflux/1.0.0/spring-ai-starter-mcp-server-webflux-1.0.0.jar:/Users/dbbaskette/.m2/repository/org/springframework/ai/spring-ai-autoconfigure-mcp-server/1.0.0/spring-ai-autoconfigure-mcp-server-1.0.0.jar:/Users/dbbaskette/.m2/repository/org/springframework/ai/spring-ai-mcp/1.0.0/spring-ai-mcp-1.0.0.jar:/Users/dbbaskette/.m2/repository/io/modelcontextprotocol/sdk/mcp/0.10.0/mcp-0.10.0.jar:/Users/dbbaskette/.m2/repository/org/springframework/ai/spring-ai-model/1.0.0/spring-ai-model-1.0.0.jar:/Users/dbbaskette/.m2/repository/org/springframework/ai/spring-ai-commons/1.0.0/spring-ai-commons-1.0.0.jar:/Users/dbbaskette/.m2/repository/io/micrometer/context-propagation/1.1.3/context-propagation-1.1.3.jar:/Users/dbbaskette/.m2/repository/com/fasterxml/jackson/module/jackson-module-jsonSchema/2.18.3/jackson-module-jsonSchema-2.18.3.jar:/Users/dbbaskette/.m2/repository/javax/validation/validation-api/1.1.0.Final/validation-api-1.1.0.Final.jar:/Users/dbbaskette/.m2/repository/com/knuddels/jtokkit/1.1.0/jtokkit-1.1.0.jar:/Users/dbbaskette/.m2/repository/org/springframework/ai/spring-ai-template-st/1.0.0/spring-ai-template-st-1.0.0.jar:/Users/dbbaskette/.m2/repository/org/antlr/ST4/4.3.4/ST4-4.3.4.jar:/Users/dbbaskette/.m2/repository/org/antlr/antlr-runtime/3.5.3/antlr-runtime-3.5.3.jar:/Users/dbbaskette/.m2/repository/org/springframework/spring-messaging/6.2.6/spring-messaging-6.2.6.jar:/Users/dbbaskette/.m2/repository/com/github/victools/jsonschema-generator/4.37.0/jsonschema-generator-4.37.0.jar:/Users/dbbaskette/.m2/repository/com/github/victools/jsonschema-module-jackson/4.37.0/jsonschema-module-jackson-4.37.0.jar:/Users/dbbaskette/.m2/repository/com/github/victools/jsonschema-module-swagger-2/4.37.0/jsonschema-module-swagger-2-4.37.0.jar:/Users/dbbaskette/.m2/repository/io/swagger/core/v3/swagger-annotations/2.2.25/swagger-annotations-2.2.25.jar:/Users/dbbaskette/.m2/repository/io/modelcontextprotocol/sdk/mcp-spring-webflux/0.10.0/mcp-spring-webflux-0.10.0.jar:/Users/dbbaskette/.m2/repository/org/springframework/boot/spring-boot-starter-data-jpa/3.4.5/spring-boot-starter-data-jpa-3.4.5.jar:/Users/dbbaskette/.m2/repository/org/springframework/boot/spring-boot-starter-jdbc/3.4.5/spring-boot-starter-jdbc-3.4.5.jar:/Users/dbbaskette/.m2/repository/com/zaxxer/HikariCP/5.1.0/HikariCP-5.1.0.jar:/Users/dbbaskette/.m2/repository/org/springframework/spring-jdbc/6.2.6/spring-jdbc-6.2.6.jar:/Users/dbbaskette/.m2/repository/org/hibernate/orm/hibernate-core/6.6.13.Final/hibernate-core-6.6.13.Final.jar:/Users/dbbaskette/.m2/repository/jakarta/persistence/jakarta.persistence-api/3.1.0/jakarta.persistence-api-3.1.0.jar:/Users/dbbaskette/.m2/repository/jakarta/transaction/jakarta.transaction-api/2.0.1/jakarta.transaction-api-2.0.1.jar:/Users/dbbaskette/.m2/repository/org/jboss/logging/jboss-logging/3.6.1.Final/jboss-logging-3.6.1.Final.jar:/Users/dbbaskette/.m2/repository/org/hibernate/common/hibernate-commons-annotations/7.0.3.Final/hibernate-commons-annotations-7.0.3.Final.jar:/Users/dbbaskette/.m2/repository/io/smallrye/jandex/3.2.0/jandex-3.2.0.jar:/Users/dbbaskette/.m2/repository/com/fasterxml/classmate/1.7.0/classmate-1.7.0.jar:/Users/dbbaskette/.m2/repository/net/bytebuddy/byte-buddy/1.15.11/byte-buddy-1.15.11.jar:/Users/dbbaskette/.m2/repository/org/glassfish/jaxb/jaxb-runtime/4.0.5/jaxb-runtime-4.0.5.jar:/Users/dbbaskette/.m2/repository/org/glassfish/jaxb/jaxb-core/4.0.5/jaxb-core-4.0.5.jar:/Users/dbbaskette/.m2/repository/org/eclipse/angus/angus-activation/2.0.2/angus-activation-2.0.2.jar:/Users/dbbaskette/.m2/repository/org/glassfish/jaxb/txw2/4.0.5/txw2-4.0.5.jar:/Users/dbbaskette/.m2/repository/com/sun/istack/istack-commons-runtime/4.1.2/istack-commons-runtime-4.1.2.jar:/Users/dbbaskette/.m2/repository/jakarta/inject/jakarta.inject-api/2.0.1/jakarta.inject-api-2.0.1.jar:/Users/dbbaskette/.m2/repository/org/antlr/antlr4-runtime/4.13.0/antlr4-runtime-4.13.0.jar:/Users/dbbaskette/.m2/repository/org/springframework/data/spring-data-jpa/3.4.5/spring-data-jpa-3.4.5.jar:/Users/dbbaskette/.m2/repository/org/springframework/data/spring-data-commons/3.4.5/spring-data-commons-3.4.5.jar:/Users/dbbaskette/.m2/repository/org/springframework/spring-orm/6.2.6/spring-orm-6.2.6.jar:/Users/dbbaskette/.m2/repository/org/springframework/spring-context/6.2.6/spring-context-6.2.6.jar:/Users/dbbaskette/.m2/repository/org/springframework/spring-expression/6.2.6/spring-expression-6.2.6.jar:/Users/dbbaskette/.m2/repository/org/springframework/spring-aop/6.2.6/spring-aop-6.2.6.jar:/Users/dbbaskette/.m2/repository/org/springframework/spring-tx/6.2.6/spring-tx-6.2.6.jar:/Users/dbbaskette/.m2/repository/org/slf4j/slf4j-api/2.0.17/slf4j-api-2.0.17.jar:/Users/dbbaskette/.m2/repository/org/springframework/spring-aspects/6.2.6/spring-aspects-6.2.6.jar:/Users/dbbaskette/.m2/repository/org/aspectj/aspectjweaver/1.9.24/aspectjweaver-1.9.24.jar:/Users/dbbaskette/.m2/repository/org/springframework/boot/spring-boot-starter-validation/3.4.5/spring-boot-starter-validation-3.4.5.jar:/Users/dbbaskette/.m2/repository/org/apache/tomcat/embed/tomcat-embed-el/10.1.40/tomcat-embed-el-10.1.40.jar:/Users/dbbaskette/.m2/repository/org/hibernate/validator/hibernate-validator/8.0.2.Final/hibernate-validator-8.0.2.Final.jar:/Users/dbbaskette/.m2/repository/jakarta/validation/jakarta.validation-api/3.0.2/jakarta.validation-api-3.0.2.jar:/Users/dbbaskette/.m2/repository/org/springframework/boot/spring-boot-starter-actuator/3.4.5/spring-boot-starter-actuator-3.4.5.jar:/Users/dbbaskette/.m2/repository/org/springframework/boot/spring-boot-actuator-autoconfigure/3.4.5/spring-boot-actuator-autoconfigure-3.4.5.jar:/Users/dbbaskette/.m2/repository/org/springframework/boot/spring-boot-actuator/3.4.5/spring-boot-actuator-3.4.5.jar:/Users/dbbaskette/.m2/repository/io/micrometer/micrometer-observation/1.14.6/micrometer-observation-1.14.6.jar:/Users/dbbaskette/.m2/repository/io/micrometer/micrometer-commons/1.14.6/micrometer-commons-1.14.6.jar:/Users/dbbaskette/.m2/repository/io/micrometer/micrometer-jakarta9/1.14.6/micrometer-jakarta9-1.14.6.jar:/Users/dbbaskette/.m2/repository/io/micrometer/micrometer-core/1.14.6/micrometer-core-1.14.6.jar:/Users/dbbaskette/.m2/repository/org/hdrhistogram/HdrHistogram/2.2.2/HdrHistogram-2.2.2.jar:/Users/dbbaskette/.m2/repository/org/latencyutils/LatencyUtils/2.0.3/LatencyUtils-2.0.3.jar:/Users/dbbaskette/.m2/repository/com/h2database/h2/2.3.232/h2-2.3.232.jar:/Users/dbbaskette/.m2/repository/org/postgresql/postgresql/42.7.5/postgresql-42.7.5.jar:/Users/dbbaskette/.m2/repository/org/checkerframework/checker-qual/3.48.3/checker-qual-3.48.3.jar:/Users/dbbaskette/.m2/repository/org/springframework/boot/spring-boot-starter-test/3.4.5/spring-boot-starter-test-3.4.5.jar:/Users/dbbaskette/.m2/repository/org/springframework/boot/spring-boot-test/3.4.5/spring-boot-test-3.4.5.jar:/Users/dbbaskette/.m2/repository/org/springframework/boot/spring-boot-test-autoconfigure/3.4.5/spring-boot-test-autoconfigure-3.4.5.jar:/Users/dbbaskette/.m2/repository/com/jayway/jsonpath/json-path/2.9.0/json-path-2.9.0.jar:/Users/dbbaskette/.m2/repository/jakarta/xml/bind/jakarta.xml.bind-api/4.0.2/jakarta.xml.bind-api-4.0.2.jar:/Users/dbbaskette/.m2/repository/jakarta/activation/jakarta.activation-api/2.1.3/jakarta.activation-api-2.1.3.jar:/Users/dbbaskette/.m2/repository/net/minidev/json-smart/2.5.2/json-smart-2.5.2.jar:/Users/dbbaskette/.m2/repository/net/minidev/accessors-smart/2.5.2/accessors-smart-2.5.2.jar:/Users/dbbaskette/.m2/repository/org/ow2/asm/asm/9.7.1/asm-9.7.1.jar:/Users/dbbaskette/.m2/repository/org/assertj/assertj-core/3.26.3/assertj-core-3.26.3.jar:/Users/dbbaskette/.m2/repository/org/awaitility/awaitility/4.2.2/awaitility-4.2.2.jar:/Users/dbbaskette/.m2/repository/org/hamcrest/hamcrest/2.2/hamcrest-2.2.jar:/Users/dbbaskette/.m2/repository/org/junit/jupiter/junit-jupiter/5.11.4/junit-jupiter-5.11.4.jar:/Users/dbbaskette/.m2/repository/org/junit/jupiter/junit-jupiter-api/5.11.4/junit-jupiter-api-5.11.4.jar:/Users/dbbaskette/.m2/repository/org/opentest4j/opentest4j/1.3.0/opentest4j-1.3.0.jar:/Users/dbbaskette/.m2/repository/org/junit/platform/junit-platform-commons/1.11.4/junit-platform-commons-1.11.4.jar:/Users/dbbaskette/.m2/repository/org/apiguardian/apiguardian-api/1.1.2/apiguardian-api-1.1.2.jar:/Users/dbbaskette/.m2/repository/org/junit/jupiter/junit-jupiter-params/5.11.4/junit-jupiter-params-5.11.4.jar:/Users/dbbaskette/.m2/repository/org/junit/jupiter/junit-jupiter-engine/5.11.4/junit-jupiter-engine-5.11.4.jar:/Users/dbbaskette/.m2/repository/org/junit/platform/junit-platform-engine/1.11.4/junit-platform-engine-1.11.4.jar:/Users/dbbaskette/.m2/repository/org/mockito/mockito-core/5.14.2/mockito-core-5.14.2.jar:/Users/dbbaskette/.m2/repository/net/bytebuddy/byte-buddy-agent/1.15.11/byte-buddy-agent-1.15.11.jar:/Users/dbbaskette/.m2/repository/org/objenesis/objenesis/3.3/objenesis-3.3.jar:/Users/dbbaskette/.m2/repository/org/mockito/mockito-junit-jupiter/5.14.2/mockito-junit-jupiter-5.14.2.jar:/Users/dbbaskette/.m2/repository/org/skyscreamer/jsonassert/1.5.3/jsonassert-1.5.3.jar:/Users/dbbaskette/.m2/repository/com/vaadin/external/google/android-json/0.0.20131108.vaadin1/android-json-0.0.20131108.vaadin1.jar:/Users/dbbaskette/.m2/repository/org/springframework/spring-core/6.2.6/spring-core-6.2.6.jar:/Users/dbbaskette/.m2/repository/org/springframework/spring-jcl/6.2.6/spring-jcl-6.2.6.jar:/Users/dbbaskette/.m2/repository/org/springframework/spring-test/6.2.6/spring-test-6.2.6.jar:/Users/dbbaskette/.m2/repository/org/xmlunit/xmlunit-core/2.10.0/xmlunit-core-2.10.0.jar:/Users/dbbaskette/.m2/repository/org/testcontainers/postgresql/1.20.6/postgresql-1.20.6.jar:/Users/dbbaskette/.m2/repository/org/testcontainers/jdbc/1.20.6/jdbc-1.20.6.jar:/Users/dbbaskette/.m2/repository/org/testcontainers/database-commons/1.20.6/database-commons-1.20.6.jar:/Users/dbbaskette/.m2/repository/org/testcontainers/junit-jupiter/1.20.6/junit-jupiter-1.20.6.jar:/Users/dbbaskette/.m2/repository/org/testcontainers/testcontainers/1.20.6/testcontainers-1.20.6.jar:/Users/dbbaskette/.m2/repository/junit/junit/4.13.2/junit-4.13.2.jar:/Users/dbbaskette/.m2/repository/org/hamcrest/hamcrest-core/2.2/hamcrest-core-2.2.jar:/Users/dbbaskette/.m2/repository/org/apache/commons/commons-compress/1.24.0/commons-compress-1.24.0.jar:/Users/dbbaskette/.m2/repository/org/rnorth/duct-tape/duct-tape/1.0.8/duct-tape-1.0.8.jar:/Users/dbbaskette/.m2/repository/org/jetbrains/annotations/17.0.0/annotations-17.0.0.jar:/Users/dbbaskette/.m2/repository/com/github/docker-java/docker-java-api/3.4.1/docker-java-api-3.4.1.jar:/Users/dbbaskette/.m2/repository/com/github/docker-java/docker-java-transport-zerodep/3.4.1/docker-java-transport-zerodep-3.4.1.jar:/Users/dbbaskette/.m2/repository/com/github/docker-java/docker-java-transport/3.4.1/docker-java-transport-3.4.1.jar:/Users/dbbaskette/.m2/repository/net/java/dev/jna/jna/5.13.0/jna-5.13.0.jar:/Users/dbbaskette/.m2/repository/org/springframework/boot/spring-boot-devtools/3.4.5/spring-boot-devtools-3.4.5.jar:/Users/dbbaskette/.m2/repository/org/springframework/boot/spring-boot/3.4.5/spring-boot-3.4.5.jar:/Users/dbbaskette/.m2/repository/org/springframework/boot/spring-boot-autoconfigure/3.4.5/spring-boot-autoconfigure-3.4.5.jar:"/>
    <property name="sun.cpu.endian" value="little"/>
    <property name="user.home" value="/Users/dbbaskette"/>
    <property name="user.language" value="en"/>
    <property name="java.specification.vendor" value="Oracle Corporation"/>
    <property name="java.version.date" value="2025-01-21"/>
    <property name="java.home" value="/opt/homebrew/Cellar/openjdk/23.0.2/libexec/openjdk.jdk/Contents/Home"/>
    <property name="file.separator" value="/"/>
    <property name="basedir" value="/Users/dbbaskette/Projects/ordersMCP"/>
    <property name="java.vm.compressedOopsMode" value="Zero based"/>
    <property name="line.separator" value="&#10;"/>
    <property name="java.vm.specification.vendor" value="Oracle Corporation"/>
    <property name="java.specification.name" value="Java Platform API Specification"/>
    <property name="apple.awt.application.name" value="ForkedBooter"/>
    <property name="surefire.real.class.path" value="/Users/dbbaskette/Projects/ordersMCP/target/surefire/surefirebooter-20250710211129021_3.jar"/>
    <property name="sun.management.compiler" value="HotSpot 64-Bit Tiered Compilers"/>
    <property name="ftp.nonProxyHosts" value="local|*.local|169.254/16|*.169.254/16"/>
    <property name="java.runtime.version" value="23.0.2"/>
    <property name="user.name" value="dbbaskette"/>
    <property name="stdout.encoding" value="UTF-8"/>
    <property name="path.separator" value=":"/>
    <property name="os.version" value="15.5"/>
    <property name="java.runtime.name" value="OpenJDK Runtime Environment"/>
    <property name="file.encoding" value="UTF-8"/>
    <property name="java.vm.name" value="OpenJDK 64-Bit Server VM"/>
    <property name="skipTests" value="false"/>
    <property name="java.vendor.version" value="Homebrew"/>
    <property name="localRepository" value="/Users/dbbaskette/.m2/repository"/>
    <property name="java.vendor.url.bug" value="https://github.com/Homebrew/homebrew-core/issues"/>
    <property name="java.io.tmpdir" value="/var/folders/7q/_z_c6q8x2c7bpp0mffm0hmlw0000gn/T/"/>
    <property name="java.version" value="23.0.2"/>
    <property name="user.dir" value="/Users/dbbaskette/Projects/ordersMCP"/>
    <property name="os.arch" value="aarch64"/>
    <property name="java.vm.specification.name" value="Java Virtual Machine Specification"/>
    <property name="native.encoding" value="UTF-8"/>
    <property name="java.library.path" value="/Users/dbbaskette/Library/Java/Extensions:/Library/Java/Extensions:/Network/Library/Java/Extensions:/System/Library/Java/Extensions:/usr/lib/java:."/>
    <property name="java.vm.info" value="mixed mode, sharing"/>
    <property name="stderr.encoding" value="UTF-8"/>
    <property name="java.vendor" value="Homebrew"/>
    <property name="java.vm.version" value="23.0.2"/>
    <property name="sun.io.unicode.encoding" value="UnicodeBig"/>
    <property name="socksNonProxyHosts" value="local|*.local|169.254/16|*.169.254/16"/>
    <property name="java.class.version" value="67.0"/>
  </properties>
  <testcase name="queryCustomerOrders_WhenValidCustomerId_ReturnsSuccessResponse" classname="com.baskettecase.ordersmcp.mcp.CustomerOrderToolTest" time="0.804">
    <system-out><![CDATA[21:11:30.237 [main] INFO com.baskettecase.ordersmcp.mcp.CustomerOrderTool -- Querying customer orders for customer ID: 1
]]></system-out>
    <system-err><![CDATA[Mockito is currently self-attaching to enable the inline-mock-maker. This will no longer work in future releases of the JDK. Please add Mockito as an agent to your build what is described in Mockito's documentation: https://javadoc.io/doc/org.mockito/mockito-core/latest/org/mockito/Mockito.html#0.3
WARNING: A Java agent has been loaded dynamically (/Users/dbbaskette/.m2/repository/net/bytebuddy/byte-buddy-agent/1.15.11/byte-buddy-agent-1.15.11.jar)
WARNING: If a serviceability tool is in use, please run with -XX:+EnableDynamicAgentLoading to hide this warning
WARNING: If a serviceability tool is not in use, please run with -Djdk.instrument.traceUsage for more information
WARNING: Dynamic loading of agents will be disallowed by default in a future release
]]></system-err>
  </testcase>
  <testcase name="queryCustomerOrders_WhenInvalidCustomerId_ReturnsErrorResponse" classname="com.baskettecase.ordersmcp.mcp.CustomerOrderToolTest" time="0.011">
    <system-out><![CDATA[21:11:30.286 [main] INFO com.baskettecase.ordersmcp.mcp.CustomerOrderTool -- Querying customer orders for customer ID: -1
]]></system-out>
  </testcase>
  <testcase name="queryCustomerOrders_WhenCustomerNotFound_ReturnsErrorResponse" classname="com.baskettecase.ordersmcp.mcp.CustomerOrderToolTest" time="0.005">
    <system-out><![CDATA[21:11:30.293 [main] INFO com.baskettecase.ordersmcp.mcp.CustomerOrderTool -- Querying customer orders for customer ID: 999
]]></system-out>
  </testcase>
</testsuite>